
> chinto-fr@1.2.0 og
> node .scripts/og-check.js http://localhost:8080

{
  "success": true,
  "ogTitle": "Chinto - Développeur, Geek & Japonophile",
  "ogDescription": "Développeur Java, passionné de tech, jeux vidéo, Linux, Japon et voyages.",
  "ogUrl": "https://www.chinto.fr/",
  "ogType": "website",
  "ogSiteName": "Chinto",
  "ogLocale": "fr_FR",
  "twitterCard": "summary_large_image",
  "twitterTitle": "Chinto - Développeur, Geek & Japonophile",
  "twitterDescription": "Développeur Java, passionné de tech, jeux vidéo, Linux, Japon et voyages.",
  "ogImage": [
    {
      "url": "https://www.chinto.fr/assets/og/chinjto.jpeg",
      "type": "jpeg"
    }
  ],
  "twitterImage": [
    {
      "url": "https://www.chinto.fr/assets/og/chinjto.jpeg"
    }
  ],
  "favicon": "/favicon.ico",
  "charset": "utf-8",
  "requestUrl": "http://localhost:8080"
}
