
> chinto-fr@1.1.2 og
> node .scripts/og-check.js http://localhost:4200/japon

{
  "success": true,
  "ogTitle": "Japon - Des étagères de mangas à un vrai projet de vie",
  "ogDescription": "Quatre voyages à travers le Japon, de Tokyo à Kyūshū, et un projet de vie qui dépasse la simple passion du voyage.",
  "ogUrl": "https://www.chinto.fr/japon",
  "ogType": "website",
  "ogSiteName": "Chinto",
  "ogLocale": "fr_FR",
  "twitterCard": "summary_large_image",
  "twitterTitle": "Japon - Des étagères de mangas à un vrai projet de vie",
  "twitterDescription": "Quatre voyages à travers le Japon, de Tokyo à Kyūshū, et un projet de vie qui dépasse la simple passion du voyage.",
  "ogImage": [
    {
      "url": "https://www.chinto.fr/assets/og/japan.png",
      "type": "png"
    }
  ],
  "twitterImage": [
    {
      "url": "https://www.chinto.fr/assets/og/japan.png"
    }
  ],
  "favicon": "/favicon.ico",
  "charset": "utf-8",
  "requestUrl": "http://localhost:4200/japon"
}
