
> chinto-fr@1.2.0 og
> node .scripts/og-check.js http://localhost:8080/voyages

{
  "success": true,
  "ogTitle": "Voyages - D'un premier passeport à l'envie de repartir",
  "ogDescription": "Carnets de voyage, découvertes culturelles et expériences à travers différents pays, avec une place particulière pour le Japon et l’Irlande.",
  "ogUrl": "https://www.chinto.fr/voyages",
  "ogType": "website",
  "ogSiteName": "Chinto",
  "ogLocale": "fr_FR",
  "twitterCard": "summary_large_image",
  "twitterTitle": "Voyages - D'un premier passeport à l'envie de repartir",
  "twitterDescription": "Carnets de voyage, découvertes culturelles et expériences à travers différents pays, avec une place particulière pour le Japon et l’Irlande.",
  "ogImage": [
    {
      "url": "https://www.chinto.fr/assets/og/travels.png",
      "type": "png"
    }
  ],
  "twitterImage": [
    {
      "url": "https://www.chinto.fr/assets/og/travels.png"
    }
  ],
  "favicon": "/favicon.ico",
  "charset": "utf-8",
  "requestUrl": "http://localhost:8080/voyages"
}
